  Command.cpp
  main.cpp
  Player.cpp
  Server.cpp
D:\YLP Games\SFMLServer\SFMLServer\Server.cpp(345,20): warning C4018: '<': signed/unsigned mismatch
D:\YLP Games\SFMLServer\SFMLServer\Server.cpp(377,20): warning C4018: '<': signed/unsigned mismatch
  Timer.cpp
  Generating Code...
Command.obj : error LNK2019: unresolved external symbol "__declspec(dllimport) protected: __thiscall sf::NonCopyable::NonCopyable(void)" (__imp_??0NonCopyable@sf@@IAE@XZ) referenced in function "public: __thiscall sf::Thread::Thread<class Command>(void (__thiscall Command::*)(void),class Command *)" (??$?0VCommand@@@Thread@sf@@QAE@P8Command@@AEXXZPAV2@@Z)
Server.obj : error LNK2001: unresolved external symbol "__declspec(dllimport) protected: __thiscall sf::NonCopyable::NonCopyable(void)" (__imp_??0NonCopyable@sf@@IAE@XZ)
Command.obj : error LNK2019: unresolved external symbol "__declspec(dllimport) protected: __thiscall sf::NonCopyable::~NonCopyable(void)" (__imp_??1NonCopyable@sf@@IAE@XZ) referenced in function __unwindfunclet$??$?0VCommand@@@Thread@sf@@QAE@P8Command@@AEXXZPAV2@@Z$0
Server.obj : error LNK2001: unresolved external symbol "__declspec(dllimport) protected: __thiscall sf::NonCopyable::~NonCopyable(void)" (__imp_??1NonCopyable@sf@@IAE@XZ)
Command.obj : error LNK2019: unresolved external symbol "__declspec(dllimport) public: __thiscall sf::Thread::~Thread(void)" (__imp_??1Thread@sf@@QAE@XZ) referenced in function "public: __thiscall Command::Command(class Server &)" (??0Command@@QAE@AAVServer@@@Z)
Server.obj : error LNK2001: unresolved external symbol "__declspec(dllimport) public: __thiscall sf::Thread::~Thread(void)" (__imp_??1Thread@sf@@QAE@XZ)
Command.obj : error LNK2019: unresolved external symbol "__declspec(dllimport) public: void __thiscall sf::Thread::launch(void)" (__imp_?launch@Thread@sf@@QAEXXZ) referenced in function "public: __thiscall Command::Command(class Server &)" (??0Command@@QAE@AAVServer@@@Z)
Server.obj : error LNK2001: unresolved external symbol "__declspec(dllimport) public: void __thiscall sf::Thread::launch(void)" (__imp_?launch@Thread@sf@@QAEXXZ)
Server.obj : error LNK2019: unresolved external symbol "__declspec(dllimport) public: __thiscall sf::IpAddress::IpAddress(void)" (__imp_??0IpAddress@sf@@QAE@XZ) referenced in function "public: __thiscall Player::Player(void)" (??0Player@@QAE@XZ)
Server.obj : error LNK2019: unresolved external symbol "__declspec(dllimport) public: class std::basic_string<char,struct std::char_traits<char>,class std::allocator<char> > __thiscall sf::IpAddress::toString(void)const " (__imp_?toString@IpAddress@sf@@QBE?AV?$basic_string@DU?$char_traits@D@std@@V?$allocator@D@2@@std@@XZ) referenced in function "public: void __thiscall Server::banPlayer(class Player &)" (?banPlayer@Server@@QAEXAAVPlayer@@@Z)
Server.obj : error LNK2019: unresolved external symbol "__declspec(dllimport) public: static class sf::IpAddress __cdecl sf::IpAddress::getPublicAddress(class sf::Time)" (__imp_?getPublicAddress@IpAddress@sf@@SA?AV12@VTime@2@@Z) referenced in function "public: void __thiscall Server::sendServerToList(void)" (?sendServerToList@Server@@QAEXXZ)
Server.obj : error LNK2019: unresolved external symbol "__declspec(dllimport) bool __cdecl sf::operator==(class sf::IpAddress const &,class sf::IpAddress const &)" (__imp_??8sf@@YA_NABVIpAddress@0@0@Z) referenced in function "public: void __thiscall Server::onPlayerDisconnect(class sf::Packet &,class sf::IpAddress &,unsigned short &)" (?onPlayerDisconnect@Server@@QAEXAAVPacket@sf@@AAVIpAddress@3@AAG@Z)
Server.obj : error LNK2019: unresolved external symbol "__declspec(dllimport) class std::basic_ostream<char,struct std::char_traits<char> > & __cdecl sf::operator<<(class std::basic_ostream<char,struct std::char_traits<char> > &,class sf::IpAddress const &)" (__imp_??6sf@@YAAAV?$basic_ostream@DU?$char_traits@D@std@@@std@@AAV12@ABVIpAddress@0@@Z) referenced in function "public: void __thiscall Server::onPlayerDisconnect(class sf::Packet &,class sf::IpAddress &,unsigned short &)" (?onPlayerDisconnect@Server@@QAEXAAVPacket@sf@@AAVIpAddress@3@AAG@Z)
Server.obj : error LNK2019: unresolved external symbol "__declspec(dllimport) public: __thiscall sf::Http::Request::Request(class std::basic_string<char,struct std::char_traits<char>,class std::allocator<char> > const &,enum sf::Http::Request::Method,class std::basic_string<char,struct std::char_traits<char>,class std::allocator<char> > const &)" (__imp_??0Request@Http@sf@@QAE@ABV?$basic_string@DU?$char_traits@D@std@@V?$allocator@D@2@@std@@W4Method@012@0@Z) referenced in function "public: void __thiscall Server::sendServerToList(void)" (?sendServerToList@Server@@QAEXXZ)
Server.obj : error LNK2019: unresolved external symbol "__declspec(dllimport) public: void __thiscall sf::Http::Request::setBody(class std::basic_string<char,struct std::char_traits<char>,class std::allocator<char> > const &)" (__imp_?setBody@Request@Http@sf@@QAEXABV?$basic_string@DU?$char_traits@D@std@@V?$allocator@D@2@@std@@@Z) referenced in function "public: void __thiscall Server::sendServerToList(void)" (?sendServerToList@Server@@QAEXXZ)
Server.obj : error LNK2019: unresolved external symbol "__declspec(dllimport) public: __thiscall sf::Http::Request::~Request(void)" (__imp_??1Request@Http@sf@@QAE@XZ) referenced in function "public: void __thiscall Server::sendServerToList(void)" (?sendServerToList@Server@@QAEXXZ)
Server.obj : error LNK2019: unresolved external symbol "__declspec(dllimport) public: enum sf::Http::Response::Status __thiscall sf::Http::Response::getStatus(void)const " (__imp_?getStatus@Response@Http@sf@@QBE?AW4Status@123@XZ) referenced in function "public: void __thiscall Server::sendServerToList(void)" (?sendServerToList@Server@@QAEXXZ)
Server.obj : error LNK2019: unresolved external symbol "__declspec(dllimport) public: __thiscall sf::Http::Response::~Response(void)" (__imp_??1Response@Http@sf@@QAE@XZ) referenced in function "public: void __thiscall Server::sendServerToList(void)" (?sendServerToList@Server@@QAEXXZ)
Server.obj : error LNK2019: unresolved external symbol "__declspec(dllimport) public: __thiscall sf::Http::Http(class std::basic_string<char,struct std::char_traits<char>,class std::allocator<char> > const &,unsigned short)" (__imp_??0Http@sf@@QAE@ABV?$basic_string@DU?$char_traits@D@std@@V?$allocator@D@2@@std@@G@Z) referenced in function "public: void __thiscall Server::sendServerToList(void)" (?sendServerToList@Server@@QAEXXZ)
Server.obj : error LNK2019: unresolved external symbol "__declspec(dllimport) public: class sf::Http::Response __thiscall sf::Http::sendRequest(class sf::Http::Request const &,class sf::Time)" (__imp_?sendRequest@Http@sf@@QAE?AVResponse@12@ABVRequest@12@VTime@2@@Z) referenced in function "public: void __thiscall Server::sendServerToList(void)" (?sendServerToList@Server@@QAEXXZ)
Server.obj : error LNK2019: unresolved external symbol "__declspec(dllimport) public: __thiscall sf::Http::~Http(void)" (__imp_??1Http@sf@@QAE@XZ) referenced in function "public: void __thiscall Server::sendServerToList(void)" (?sendServerToList@Server@@QAEXXZ)
Server.obj : error LNK2019: unresolved external symbol "__declspec(dllimport) public: __thiscall sf::Packet::Packet(void)" (__imp_??0Packet@sf@@QAE@XZ) referenced in function "public: void __thiscall Server::disconnectPlayer(class Player &)" (?disconnectPlayer@Server@@QAEXAAVPlayer@@@Z)
Server.obj : error LNK2019: unresolved external symbol "__declspec(dllimport) public: virtual __thiscall sf::Packet::~Packet(void)" (__imp_??1Packet@sf@@UAE@XZ) referenced in function "public: void __thiscall Server::disconnectPlayer(class Player &)" (?disconnectPlayer@Server@@QAEXAAVPlayer@@@Z)
Server.obj : error LNK2019: unresolved external symbol "__declspec(dllimport) public: void __thiscall sf::Packet::clear(void)" (__imp_?clear@Packet@sf@@QAEXXZ) referenced in function "public: void __thiscall Server::onReceiveMessage(void)" (?onReceiveMessage@Server@@QAEXXZ)
    Hint on symbols that are defined and could potentially match:
      "__declspec(dllimport) public: void __thiscall std::basic_ios<char,struct std::char_traits<char> >::clear(int,bool)" (__imp_?clear@?$basic_ios@DU?$char_traits@D@std@@@std@@QAEXH_N@Z)
Server.obj : error LNK2019: unresolved external symbol "__declspec(dllimport) public: class sf::Packet & __thiscall sf::Packet::operator>>(int &)" (__imp_??5Packet@sf@@QAEAAV01@AAH@Z) referenced in function "public: void __thiscall Server::onPlayerConnect(class sf::Packet &,class sf::IpAddress &,unsigned short &)" (?onPlayerConnect@Server@@QAEXAAVPacket@sf@@AAVIpAddress@3@AAG@Z)
Server.obj : error LNK2019: unresolved external symbol "__declspec(dllimport) public: class sf::Packet & __thiscall sf::Packet::operator>>(double &)" (__imp_??5Packet@sf@@QAEAAV01@AAN@Z) referenced in function "public: void __thiscall Server::onPlayerConnect(class sf::Packet &,class sf::IpAddress &,unsigned short &)" (?onPlayerConnect@Server@@QAEXAAVPacket@sf@@AAVIpAddress@3@AAG@Z)
Server.obj : error LNK2019: unresolved external symbol "__declspec(dllimport) public: class sf::Packet & __thiscall sf::Packet::operator>>(class std::basic_string<char,struct std::char_traits<char>,class std::allocator<char> > &)" (__imp_??5Packet@sf@@QAEAAV01@AAV?$basic_string@DU?$char_traits@D@std@@V?$allocator@D@2@@std@@@Z) referenced in function "public: void __thiscall Server::onPlayerConnect(class sf::Packet &,class sf::IpAddress &,unsigned short &)" (?onPlayerConnect@Server@@QAEXAAVPacket@sf@@AAVIpAddress@3@AAG@Z)
Server.obj : error LNK2019: unresolved external symbol "__declspec(dllimport) public: class sf::Packet & __thiscall sf::Packet::operator<<(int)" (__imp_??6Packet@sf@@QAEAAV01@H@Z) referenced in function "public: void __thiscall Server::disconnectPlayer(class Player &)" (?disconnectPlayer@Server@@QAEXAAVPlayer@@@Z)
Server.obj : error LNK2019: unresolved external symbol "__declspec(dllimport) public: class sf::Packet & __thiscall sf::Packet::operator<<(class std::basic_string<char,struct std::char_traits<char>,class std::allocator<char> > const &)" (__imp_??6Packet@sf@@QAEAAV01@ABV?$basic_string@DU?$char_traits@D@std@@V?$allocator@D@2@@std@@@Z) referenced in function "public: void __thiscall Server::sendPlayersToPlayer(class Player &)" (?sendPlayersToPlayer@Server@@QAEXAAVPlayer@@@Z)
Server.obj : error LNK2019: unresolved external symbol "__declspec(dllimport) public: __thiscall sf::UdpSocket::UdpSocket(void)" (__imp_??0UdpSocket@sf@@QAE@XZ) referenced in function "public: __thiscall Server::Server(void)" (??0Server@@QAE@XZ)
Server.obj : error LNK2019: unresolved external symbol "__declspec(dllimport) public: unsigned short __thiscall sf::UdpSocket::getLocalPort(void)const " (__imp_?getLocalPort@UdpSocket@sf@@QBEGXZ) referenced in function "public: void __thiscall Server::onReceiveMessage(void)" (?onReceiveMessage@Server@@QAEXXZ)
Server.obj : error LNK2019: unresolved external symbol "__declspec(dllimport) public: enum sf::Socket::Status __thiscall sf::UdpSocket::bind(unsigned short,class sf::IpAddress const &)" (__imp_?bind@UdpSocket@sf@@QAE?AW4Status@Socket@2@GABVIpAddress@2@@Z) referenced in function "public: __thiscall Server::Server(void)" (??0Server@@QAE@XZ)
Server.obj : error LNK2019: unresolved external symbol "__declspec(dllimport) public: enum sf::Socket::Status __thiscall sf::UdpSocket::send(class sf::Packet &,class sf::IpAddress const &,unsigned short)" (__imp_?send@UdpSocket@sf@@QAE?AW4Status@Socket@2@AAVPacket@2@ABVIpAddress@2@G@Z) referenced in function "public: void __thiscall Server::disconnectPlayer(class Player &)" (?disconnectPlayer@Server@@QAEXAAVPlayer@@@Z)
Server.obj : error LNK2019: unresolved external symbol "__declspec(dllimport) public: enum sf::Socket::Status __thiscall sf::UdpSocket::receive(class sf::Packet &,class sf::IpAddress &,unsigned short &)" (__imp_?receive@UdpSocket@sf@@QAE?AW4Status@Socket@2@AAVPacket@2@AAVIpAddress@2@AAG@Z) referenced in function "public: void __thiscall Server::onReceiveMessage(void)" (?onReceiveMessage@Server@@QAEXXZ)
Server.obj : error LNK2019: unresolved external symbol "__declspec(dllimport) public: virtual __thiscall sf::UdpSocket::~UdpSocket(void)" (__imp_??1UdpSocket@sf@@UAE@XZ) referenced in function "public: virtual void * __thiscall sf::UdpSocket::`scalar deleting destructor'(unsigned int)" (??_GUdpSocket@sf@@UAEPAXI@Z)
Server.obj : error LNK2001: unresolved external symbol "__declspec(dllimport) public: static class sf::Time const sf::Time::Zero" (__imp_?Zero@Time@sf@@2V12@B)
Server.obj : error LNK2001: unresolved external symbol "__declspec(dllimport) public: static class sf::IpAddress const sf::IpAddress::Any" (__imp_?Any@IpAddress@sf@@2V12@B)
D:\YLP Games\SFMLServer\Debug\SFMLServer.exe : fatal error LNK1120: 33 unresolved externals
